<?xml version="1.0" encoding="UTF-8"?>
<testsuite name="TicTacToeTest" tests="1" skipped="0" failures="0" errors="0" timestamp="2024-07-05T21:14:48" hostname="James-MacBookPro-New.local" time="0.236">
  <properties/>
  <testcase name="start" classname="TicTacToeTest" time="0.236"/>
  <system-out><![CDATA[?[1;31m
Start test 1?[0m
---------
|       |
|       |
|       |
---------

Please enter coordinates for your move. Choose between 1-3 for the row and 1-3 for the column seperated by a space. Example 1 2 (1 is row, 2 in column)
> 2 3
---------
|       |
|     X |
|       |
---------

Player X's turn
Please enter coordinates for your move. Choose between 1-3 for the row and 1-3 for the column seperated by a space. Example 1 2 (1 is row, 2 in column)
> 1 3
---------
|     O |
|     X |
|       |
---------

Player O's turn
Please enter coordinates for your move. Choose between 1-3 for the row and 1-3 for the column seperated by a space. Example 1 2 (1 is row, 2 in column)
> 2 1
---------
|     O |
| X   X |
|       |
---------

Player X's turn
Please enter coordinates for your move. Choose between 1-3 for the row and 1-3 for the column seperated by a space. Example 1 2 (1 is row, 2 in column)
> 4 2
> 4 1
> 1 4
> 2 3
> 4 1
> 4 2
> 1 2
---------
|   O O |
| X   X |
|       |
---------

Player O's turn
Please enter coordinates for your move. Choose between 1-3 for the row and 1-3 for the column seperated by a space. Example 1 2 (1 is row, 2 in column)
> 1 1
---------
| X O O |
| X   X |
|       |
---------

Player X's turn
Please enter coordinates for your move. Choose between 1-3 for the row and 1-3 for the column seperated by a space. Example 1 2 (1 is row, 2 in column)
> 1 2
> 1 3
> 2 1
> 2 2
---------
| X O O |
| X O X |
|       |
---------

Player O's turn
Please enter coordinates for your move. Choose between 1-3 for the row and 1-3 for the column seperated by a space. Example 1 2 (1 is row, 2 in column)
> 2 3
> 3 1
---------
| X O O |
| X O X |
| X     |
---------

X wins!
?[1;31m
Start test 2?[0m
---------
|       |
|       |
|       |
---------

Please enter coordinates for your move. Choose between 1-3 for the row and 1-3 for the column seperated by a space. Example 1 2 (1 is row, 2 in column)
> 4 1
> 2 4
> 2 2
---------
|       |
|   X   |
|       |
---------

Player X's turn
Please enter coordinates for your move. Choose between 1-3 for the row and 1-3 for the column seperated by a space. Example 1 2 (1 is row, 2 in column)
> 2 2
> 2 4
> 4 1
> 2 2
> 1 3
---------
|     O |
|   X   |
|       |
---------

Player O's turn
Please enter coordinates for your move. Choose between 1-3 for the row and 1-3 for the column seperated by a space. Example 1 2 (1 is row, 2 in column)
> 4 1
> 2 1
---------
|     O |
| X X   |
|       |
---------

Player X's turn
Please enter coordinates for your move. Choose between 1-3 for the row and 1-3 for the column seperated by a space. Example 1 2 (1 is row, 2 in column)
> 4 2
> 1 2
---------
|   O O |
| X X   |
|       |
---------

Player O's turn
Please enter coordinates for your move. Choose between 1-3 for the row and 1-3 for the column seperated by a space. Example 1 2 (1 is row, 2 in column)
> 1 3
> 2 1
> 2 2
> 2 3
---------
|   O O |
| X X X |
|       |
---------

X wins!
?[1;31m
Start test 3?[0m
---------
|       |
|       |
|       |
---------

Please enter coordinates for your move. Choose between 1-3 for the row and 1-3 for the column seperated by a space. Example 1 2 (1 is row, 2 in column)
> 2 3
---------
|       |
|     X |
|       |
---------

Player X's turn
Please enter coordinates for your move. Choose between 1-3 for the row and 1-3 for the column seperated by a space. Example 1 2 (1 is row, 2 in column)
> 4 4
> 4 2
> 3 3
---------
|       |
|     X |
|     O |
---------

Player O's turn
Please enter coordinates for your move. Choose between 1-3 for the row and 1-3 for the column seperated by a space. Example 1 2 (1 is row, 2 in column)
> 4 2
> 3 3
> 2 4
> 3 2
---------
|       |
|     X |
|   X O |
---------

Player X's turn
Please enter coordinates for your move. Choose between 1-3 for the row and 1-3 for the column seperated by a space. Example 1 2 (1 is row, 2 in column)
> 1 1
---------
| O     |
|     X |
|   X O |
---------

Player O's turn
Please enter coordinates for your move. Choose between 1-3 for the row and 1-3 for the column seperated by a space. Example 1 2 (1 is row, 2 in column)
> 1 3
---------
| O   X |
|     X |
|   X O |
---------

Player X's turn
Please enter coordinates for your move. Choose between 1-3 for the row and 1-3 for the column seperated by a space. Example 1 2 (1 is row, 2 in column)
> 1 3
> 2 1
---------
| O   X |
| O   X |
|   X O |
---------

Player O's turn
Please enter coordinates for your move. Choose between 1-3 for the row and 1-3 for the column seperated by a space. Example 1 2 (1 is row, 2 in column)
> 2 2
---------
| O   X |
| O X X |
|   X O |
---------

Player X's turn
Please enter coordinates for your move. Choose between 1-3 for the row and 1-3 for the column seperated by a space. Example 1 2 (1 is row, 2 in column)
> 2 3
> 3 1
---------
| O   X |
| O X X |
| O X O |
---------

O wins!
?[1;31m
Start test 4?[0m
---------
|       |
|       |
|       |
---------

Please enter coordinates for your move. Choose between 1-3 for the row and 1-3 for the column seperated by a space. Example 1 2 (1 is row, 2 in column)
> 4 3
> 3 3
---------
|       |
|       |
|     X |
---------

Player X's turn
Please enter coordinates for your move. Choose between 1-3 for the row and 1-3 for the column seperated by a space. Example 1 2 (1 is row, 2 in column)
> 4 4
> 3 3
> 4 1
> 1 3
---------
|     O |
|       |
|     X |
---------

Player O's turn
Please enter coordinates for your move. Choose between 1-3 for the row and 1-3 for the column seperated by a space. Example 1 2 (1 is row, 2 in column)
> 2 4
> 2 2
---------
|     O |
|   X   |
|     X |
---------

Player X's turn
Please enter coordinates for your move. Choose between 1-3 for the row and 1-3 for the column seperated by a space. Example 1 2 (1 is row, 2 in column)
> 3 2
---------
|     O |
|   X   |
|   O X |
---------

Player O's turn
Please enter coordinates for your move. Choose between 1-3 for the row and 1-3 for the column seperated by a space. Example 1 2 (1 is row, 2 in column)
> 4 3
> 2 1
---------
|     O |
| X X   |
|   O X |
---------

Player X's turn
Please enter coordinates for your move. Choose between 1-3 for the row and 1-3 for the column seperated by a space. Example 1 2 (1 is row, 2 in column)
> 2 1
> 2 2
> 2 3
---------
|     O |
| X X O |
|   O X |
---------

Player O's turn
Please enter coordinates for your move. Choose between 1-3 for the row and 1-3 for the column seperated by a space. Example 1 2 (1 is row, 2 in column)
> 3 1
---------
|     O |
| X X O |
| X O X |
---------

Player X's turn
Please enter coordinates for your move. Choose between 1-3 for the row and 1-3 for the column seperated by a space. Example 1 2 (1 is row, 2 in column)
> 3 2
> 3 3
> 1 1
---------
| O   O |
| X X O |
| X O X |
---------

Player O's turn
Please enter coordinates for your move. Choose between 1-3 for the row and 1-3 for the column seperated by a space. Example 1 2 (1 is row, 2 in column)
> 1 2
---------
| O X O |
| X X O |
| X O X |
---------

Draw
?[1;31m
Start test 5?[0m
---------
|       |
|       |
|       |
---------

Please enter coordinates for your move. Choose between 1-3 for the row and 1-3 for the column seperated by a space. Example 1 2 (1 is row, 2 in column)
> 3 3
---------
|       |
|       |
|     X |
---------

Player X's turn
Please enter coordinates for your move. Choose between 1-3 for the row and 1-3 for the column seperated by a space. Example 1 2 (1 is row, 2 in column)
> 3 4
> 3 2
---------
|       |
|       |
|   O X |
---------

Player O's turn
Please enter coordinates for your move. Choose between 1-3 for the row and 1-3 for the column seperated by a space. Example 1 2 (1 is row, 2 in column)
> 2 3
---------
|       |
|     X |
|   O X |
---------

Player X's turn
Please enter coordinates for your move. Choose between 1-3 for the row and 1-3 for the column seperated by a space. Example 1 2 (1 is row, 2 in column)
> 2 1
---------
|       |
| O   X |
|   O X |
---------

Player O's turn
Please enter coordinates for your move. Choose between 1-3 for the row and 1-3 for the column seperated by a space. Example 1 2 (1 is row, 2 in column)
> 4 2
> 2 1
> 4 2
> 3 2
> 2 2
---------
|       |
| O X X |
|   O X |
---------

Player X's turn
Please enter coordinates for your move. Choose between 1-3 for the row and 1-3 for the column seperated by a space. Example 1 2 (1 is row, 2 in column)
> 2 2
> 2 3
> 3 1
---------
|       |
| O X X |
| O O X |
---------

Player O's turn
Please enter coordinates for your move. Choose between 1-3 for the row and 1-3 for the column seperated by a space. Example 1 2 (1 is row, 2 in column)
> 3 2
> 3 3
> 1 1
---------
| X     |
| O X X |
| O O X |
---------

X wins!
?[1;31m
Start test 6?[0m
---------
|       |
|       |
|       |
---------

Please enter coordinates for your move. Choose between 1-3 for the row and 1-3 for the column seperated by a space. Example 1 2 (1 is row, 2 in column)
> 4 5
> 3 2
---------
|       |
|       |
|   X   |
---------

Player X's turn
Please enter coordinates for your move. Choose between 1-3 for the row and 1-3 for the column seperated by a space. Example 1 2 (1 is row, 2 in column)
> 3 4
> 4 3
> 2 3
---------
|       |
|     O |
|   X   |
---------

Player O's turn
Please enter coordinates for your move. Choose between 1-3 for the row and 1-3 for the column seperated by a space. Example 1 2 (1 is row, 2 in column)
> 2 2
---------
|       |
|   X O |
|   X   |
---------

Player X's turn
Please enter coordinates for your move. Choose between 1-3 for the row and 1-3 for the column seperated by a space. Example 1 2 (1 is row, 2 in column)
> 4 4
> 2 2
> 1 2
---------
|   O   |
|   X O |
|   X   |
---------

Player O's turn
Please enter coordinates for your move. Choose between 1-3 for the row and 1-3 for the column seperated by a space. Example 1 2 (1 is row, 2 in column)
> 4 4
> 3 4
> 2 3
> 3 1
---------
|   O   |
|   X O |
| X X   |
---------

Player X's turn
Please enter coordinates for your move. Choose between 1-3 for the row and 1-3 for the column seperated by a space. Example 1 2 (1 is row, 2 in column)
> 3 2
> 3 3
---------
|   O   |
|   X O |
| X X O |
---------

Player O's turn
Please enter coordinates for your move. Choose between 1-3 for the row and 1-3 for the column seperated by a space. Example 1 2 (1 is row, 2 in column)
> 1 1
---------
| X O   |
|   X O |
| X X O |
---------

Player X's turn
Please enter coordinates for your move. Choose between 1-3 for the row and 1-3 for the column seperated by a space. Example 1 2 (1 is row, 2 in column)
> 1 2
> 1 3
---------
| X O O |
|   X O |
| X X O |
---------

O wins!
?[1;31m
Start test 7?[0m
---------
|       |
|       |
|       |
---------

Please enter coordinates for your move. Choose between 1-3 for the row and 1-3 for the column seperated by a space. Example 1 2 (1 is row, 2 in column)
> 1 3
---------
|     X |
|       |
|       |
---------

Player X's turn
Please enter coordinates for your move. Choose between 1-3 for the row and 1-3 for the column seperated by a space. Example 1 2 (1 is row, 2 in column)
> 4 2
> 4 4
> 3 4
> 4 2
> 3 4
> 3 1
---------
|     X |
|       |
| O     |
---------

Player O's turn
Please enter coordinates for your move. Choose between 1-3 for the row and 1-3 for the column seperated by a space. Example 1 2 (1 is row, 2 in column)
> 4 1
> 4 4
> 1 3
> 3 1
> 3 2
---------
|     X |
|       |
| O X   |
---------

Player X's turn
Please enter coordinates for your move. Choose between 1-3 for the row and 1-3 for the column seperated by a space. Example 1 2 (1 is row, 2 in column)
> 3 3
---------
|     X |
|       |
| O X O |
---------

Player O's turn
Please enter coordinates for your move. Choose between 1-3 for the row and 1-3 for the column seperated by a space. Example 1 2 (1 is row, 2 in column)
> 1 1
---------
| X   X |
|       |
| O X O |
---------

Player X's turn
Please enter coordinates for your move. Choose between 1-3 for the row and 1-3 for the column seperated by a space. Example 1 2 (1 is row, 2 in column)
> 1 2
---------
| X O X |
|       |
| O X O |
---------

Player O's turn
Please enter coordinates for your move. Choose between 1-3 for the row and 1-3 for the column seperated by a space. Example 1 2 (1 is row, 2 in column)
> 1 3
> 2 1
---------
| X O X |
| X     |
| O X O |
---------

Player X's turn
Please enter coordinates for your move. Choose between 1-3 for the row and 1-3 for the column seperated by a space. Example 1 2 (1 is row, 2 in column)
> 2 2
---------
| X O X |
| X O   |
| O X O |
---------

Player O's turn
Please enter coordinates for your move. Choose between 1-3 for the row and 1-3 for the column seperated by a space. Example 1 2 (1 is row, 2 in column)
> 2 3
---------
| X O X |
| X O X |
| O X O |
---------

Draw
?[1;31m
Start test 8?[0m
---------
|       |
|       |
|       |
---------

Please enter coordinates for your move. Choose between 1-3 for the row and 1-3 for the column seperated by a space. Example 1 2 (1 is row, 2 in column)
> 4 7
> 4 3
> 4 2
> 1 1
---------
| X     |
|       |
|       |
---------

Player X's turn
Please enter coordinates for your move. Choose between 1-3 for the row and 1-3 for the column seperated by a space. Example 1 2 (1 is row, 2 in column)
> 2 2
---------
| X     |
|   O   |
|       |
---------

Player O's turn
Please enter coordinates for your move. Choose between 1-3 for the row and 1-3 for the column seperated by a space. Example 1 2 (1 is row, 2 in column)
> 1 4
> 1 4
> 2 4
> 3 3
---------
| X     |
|   O   |
|     X |
---------

Player X's turn
Please enter coordinates for your move. Choose between 1-3 for the row and 1-3 for the column seperated by a space. Example 1 2 (1 is row, 2 in column)
> 3 1
---------
| X     |
|   O   |
| O   X |
---------

Player O's turn
Please enter coordinates for your move. Choose between 1-3 for the row and 1-3 for the column seperated by a space. Example 1 2 (1 is row, 2 in column)
> 4 2
> 3 2
---------
| X     |
|   O   |
| O X X |
---------

Player X's turn
Please enter coordinates for your move. Choose between 1-3 for the row and 1-3 for the column seperated by a space. Example 1 2 (1 is row, 2 in column)
> 3 3
> 1 1
> 1 2
---------
| X O   |
|   O   |
| O X X |
---------

Player O's turn
Please enter coordinates for your move. Choose between 1-3 for the row and 1-3 for the column seperated by a space. Example 1 2 (1 is row, 2 in column)
> 1 3
---------
| X O X |
|   O   |
| O X X |
---------

Player X's turn
Please enter coordinates for your move. Choose between 1-3 for the row and 1-3 for the column seperated by a space. Example 1 2 (1 is row, 2 in column)
> 2 1
---------
| X O X |
| O O   |
| O X X |
---------

Player O's turn
Please enter coordinates for your move. Choose between 1-3 for the row and 1-3 for the column seperated by a space. Example 1 2 (1 is row, 2 in column)
> 2 2
> 2 3
---------
| X O X |
| O O X |
| O X X |
---------

X wins!
?[1;31m
Start test 9?[0m
---------
|       |
|       |
|       |
---------

Please enter coordinates for your move. Choose between 1-3 for the row and 1-3 for the column seperated by a space. Example 1 2 (1 is row, 2 in column)
> 4 3
> 3 2
---------
|       |
|       |
|   X   |
---------

Player X's turn
Please enter coordinates for your move. Choose between 1-3 for the row and 1-3 for the column seperated by a space. Example 1 2 (1 is row, 2 in column)
> 1 1
---------
| O     |
|       |
|   X   |
---------

Player O's turn
Please enter coordinates for your move. Choose between 1-3 for the row and 1-3 for the column seperated by a space. Example 1 2 (1 is row, 2 in column)
> 1 2
---------
| O X   |
|       |
|   X   |
---------

Player X's turn
Please enter coordinates for your move. Choose between 1-3 for the row and 1-3 for the column seperated by a space. Example 1 2 (1 is row, 2 in column)
> 1 4
> 3 4
> 3 1
---------
| O X   |
|       |
| O X   |
---------

Player O's turn
Please enter coordinates for your move. Choose between 1-3 for the row and 1-3 for the column seperated by a space. Example 1 2 (1 is row, 2 in column)
> 2 4
> 1 4
> 1 2
> 3 3
---------
| O X   |
|       |
| O X X |
---------

Player X's turn
Please enter coordinates for your move. Choose between 1-3 for the row and 1-3 for the column seperated by a space. Example 1 2 (1 is row, 2 in column)
> 1 1
> 1 2
> 1 3
---------
| O X O |
|       |
| O X X |
---------

Player O's turn
Please enter coordinates for your move. Choose between 1-3 for the row and 1-3 for the column seperated by a space. Example 1 2 (1 is row, 2 in column)
> 2 1
---------
| O X O |
| X     |
| O X X |
---------

Player X's turn
Please enter coordinates for your move. Choose between 1-3 for the row and 1-3 for the column seperated by a space. Example 1 2 (1 is row, 2 in column)
> 2 2
---------
| O X O |
| X O   |
| O X X |
---------

O wins!
]]></system-out>
  <system-err><![CDATA[Coordinates should be from 1 to 3!
Coordinates should be from 1 to 3!
Coordinates should be from 1 to 3!
This cell is occupied! Choose another one! 
Coordinates should be from 1 to 3!
Coordinates should be from 1 to 3!
This cell is occupied! Choose another one! 
This cell is occupied! Choose another one! 
This cell is occupied! Choose another one! 
This cell is occupied! Choose another one! 
Coordinates should be from 1 to 3!
Coordinates should be from 1 to 3!
This cell is occupied! Choose another one! 
Coordinates should be from 1 to 3!
Coordinates should be from 1 to 3!
This cell is occupied! Choose another one! 
Coordinates should be from 1 to 3!
Coordinates should be from 1 to 3!
This cell is occupied! Choose another one! 
This cell is occupied! Choose another one! 
This cell is occupied! Choose another one! 
Coordinates should be from 1 to 3!
Coordinates should be from 1 to 3!
Coordinates should be from 1 to 3!
This cell is occupied! Choose another one! 
Coordinates should be from 1 to 3!
This cell is occupied! Choose another one! 
This cell is occupied! Choose another one! 
Coordinates should be from 1 to 3!
Coordinates should be from 1 to 3!
This cell is occupied! Choose another one! 
Coordinates should be from 1 to 3!
Coordinates should be from 1 to 3!
Coordinates should be from 1 to 3!
This cell is occupied! Choose another one! 
This cell is occupied! Choose another one! 
This cell is occupied! Choose another one! 
This cell is occupied! Choose another one! 
Coordinates should be from 1 to 3!
Coordinates should be from 1 to 3!
This cell is occupied! Choose another one! 
Coordinates should be from 1 to 3!
This cell is occupied! Choose another one! 
This cell is occupied! Choose another one! 
This cell is occupied! Choose another one! 
This cell is occupied! Choose another one! 
This cell is occupied! Choose another one! 
Coordinates should be from 1 to 3!
Coordinates should be from 1 to 3!
Coordinates should be from 1 to 3!
Coordinates should be from 1 to 3!
This cell is occupied! Choose another one! 
Coordinates should be from 1 to 3!
Coordinates should be from 1 to 3!
This cell is occupied! Choose another one! 
This cell is occupied! Choose another one! 
This cell is occupied! Choose another one! 
Coordinates should be from 1 to 3!
Coordinates should be from 1 to 3!
Coordinates should be from 1 to 3!
Coordinates should be from 1 to 3!
Coordinates should be from 1 to 3!
Coordinates should be from 1 to 3!
Coordinates should be from 1 to 3!
This cell is occupied! Choose another one! 
This cell is occupied! Choose another one! 
This cell is occupied! Choose another one! 
Coordinates should be from 1 to 3!
Coordinates should be from 1 to 3!
Coordinates should be from 1 to 3!
Coordinates should be from 1 to 3!
Coordinates should be from 1 to 3!
Coordinates should be from 1 to 3!
Coordinates should be from 1 to 3!
This cell is occupied! Choose another one! 
This cell is occupied! Choose another one! 
This cell is occupied! Choose another one! 
Coordinates should be from 1 to 3!
Coordinates should be from 1 to 3!
Coordinates should be from 1 to 3!
Coordinates should be from 1 to 3!
Coordinates should be from 1 to 3!
This cell is occupied! Choose another one! 
This cell is occupied! Choose another one! 
This cell is occupied! Choose another one! 
]]></system-err>
</testsuite>
