<?xml version="1.0" encoding="UTF-8"?>
<testsuite name="TicTacToeTest" tests="1" skipped="0" failures="0" errors="0" timestamp="2024-07-04T10:44:57" hostname="James-MacBookPro-New.local" time="0.164">
  <properties/>
  <testcase name="start" classname="TicTacToeTest" time="0.164"/>
  <system-out><![CDATA[?[1;31m
Start test 1?[0m
> _XXOO_OX_
---------
| _ X X |
| O O _ |
| O X _ |
---------

Game not finished
Please enter coordinates for your move. Choose between 1-3 for the row and 1-3 for the column seperated by a space. Example 1 2 (1 is row, 2 in column)
> 1 1
---------
| X X X |
| O O _ |
| O X _ |
---------

?[1;31m
Start test 2?[0m
> _XXOO_OX_
---------
| _ X X |
| O O _ |
| O X _ |
---------

Game not finished
Please enter coordinates for your move. Choose between 1-3 for the row and 1-3 for the column seperated by a space. Example 1 2 (1 is row, 2 in column)
> 4 1
> 1 2
> 1 3
> 2 1
> 2 2
> 2 3
---------
| _ X X |
| O O X |
| O X _ |
---------

?[1;31m
Start test 3?[0m
> _XXOO_OX_
---------
| _ X X |
| O O _ |
| O X _ |
---------

Game not finished
Please enter coordinates for your move. Choose between 1-3 for the row and 1-3 for the column seperated by a space. Example 1 2 (1 is row, 2 in column)
> 1 3
> 2 1
> 2 2
> 2 3
---------
| _ X X |
| O O X |
| O X _ |
---------

?[1;31m
Start test 4?[0m
> _XXOO_OX_
---------
| _ X X |
| O O _ |
| O X _ |
---------

Game not finished
Please enter coordinates for your move. Choose between 1-3 for the row and 1-3 for the column seperated by a space. Example 1 2 (1 is row, 2 in column)
> 4 3
> 2 1
> 2 2
> 2 3
---------
| _ X X |
| O O X |
| O X _ |
---------

?[1;31m
Start test 5?[0m
> _XXOO_OX_
---------
| _ X X |
| O O _ |
| O X _ |
---------

Game not finished
Please enter coordinates for your move. Choose between 1-3 for the row and 1-3 for the column seperated by a space. Example 1 2 (1 is row, 2 in column)
> 2 2
> 2 3
---------
| _ X X |
| O O X |
| O X _ |
---------

?[1;31m
Start test 6?[0m
> _XXOO_OX_
---------
| _ X X |
| O O _ |
| O X _ |
---------

Game not finished
Please enter coordinates for your move. Choose between 1-3 for the row and 1-3 for the column seperated by a space. Example 1 2 (1 is row, 2 in column)
> 4 5
> 2 3
---------
| _ X X |
| O O X |
| O X _ |
---------

?[1;31m
Start test 7?[0m
> _XXOO_OX_
---------
| _ X X |
| O O _ |
| O X _ |
---------

Game not finished
Please enter coordinates for your move. Choose between 1-3 for the row and 1-3 for the column seperated by a space. Example 1 2 (1 is row, 2 in column)
> 3 1
> 3 2
> 3 3
---------
| _ X X |
| O O _ |
| O X X |
---------

?[1;31m
Start test 8?[0m
> _XXOO_OX_
---------
| _ X X |
| O O _ |
| O X _ |
---------

Game not finished
Please enter coordinates for your move. Choose between 1-3 for the row and 1-3 for the column seperated by a space. Example 1 2 (1 is row, 2 in column)
> 4 7
> 3 2
> 3 3
---------
| _ X X |
| O O _ |
| O X X |
---------

?[1;31m
Start test 9?[0m
> _XXOO_OX_
---------
| _ X X |
| O O _ |
| O X _ |
---------

Game not finished
Please enter coordinates for your move. Choose between 1-3 for the row and 1-3 for the column seperated by a space. Example 1 2 (1 is row, 2 in column)
> 3 3
---------
| _ X X |
| O O _ |
| O X X |
---------

?[1;31m
Start test 10?[0m
> _________
---------
| _ _ _ |
| _ _ _ |
| _ _ _ |
---------

Game not finished
Please enter coordinates for your move. Choose between 1-3 for the row and 1-3 for the column seperated by a space. Example 1 2 (1 is row, 2 in column)
> 4 9
> 1 1
---------
| X _ _ |
| _ _ _ |
| _ _ _ |
---------

?[1;31m
Start test 11?[0m
> _________
---------
| _ _ _ |
| _ _ _ |
| _ _ _ |
---------

Game not finished
Please enter coordinates for your move. Choose between 1-3 for the row and 1-3 for the column seperated by a space. Example 1 2 (1 is row, 2 in column)
> 1 2
---------
| _ X _ |
| _ _ _ |
| _ _ _ |
---------

?[1;31m
Start test 12?[0m
> _________
---------
| _ _ _ |
| _ _ _ |
| _ _ _ |
---------

Game not finished
Please enter coordinates for your move. Choose between 1-3 for the row and 1-3 for the column seperated by a space. Example 1 2 (1 is row, 2 in column)
> 4 11
> 1 3
---------
| _ _ X |
| _ _ _ |
| _ _ _ |
---------

?[1;31m
Start test 13?[0m
> _________
---------
| _ _ _ |
| _ _ _ |
| _ _ _ |
---------

Game not finished
Please enter coordinates for your move. Choose between 1-3 for the row and 1-3 for the column seperated by a space. Example 1 2 (1 is row, 2 in column)
> 2 1
---------
| _ _ _ |
| X _ _ |
| _ _ _ |
---------

?[1;31m
Start test 14?[0m
> _________
---------
| _ _ _ |
| _ _ _ |
| _ _ _ |
---------

Game not finished
Please enter coordinates for your move. Choose between 1-3 for the row and 1-3 for the column seperated by a space. Example 1 2 (1 is row, 2 in column)
> 4 13
> 2 2
---------
| _ _ _ |
| _ X _ |
| _ _ _ |
---------

?[1;31m
Start test 15?[0m
> _________
---------
| _ _ _ |
| _ _ _ |
| _ _ _ |
---------

Game not finished
Please enter coordinates for your move. Choose between 1-3 for the row and 1-3 for the column seperated by a space. Example 1 2 (1 is row, 2 in column)
> 2 3
---------
| _ _ _ |
| _ _ X |
| _ _ _ |
---------

?[1;31m
Start test 16?[0m
> _________
---------
| _ _ _ |
| _ _ _ |
| _ _ _ |
---------

Game not finished
Please enter coordinates for your move. Choose between 1-3 for the row and 1-3 for the column seperated by a space. Example 1 2 (1 is row, 2 in column)
> 4 15
> 3 1
---------
| _ _ _ |
| _ _ _ |
| X _ _ |
---------

?[1;31m
Start test 17?[0m
> _________
---------
| _ _ _ |
| _ _ _ |
| _ _ _ |
---------

Game not finished
Please enter coordinates for your move. Choose between 1-3 for the row and 1-3 for the column seperated by a space. Example 1 2 (1 is row, 2 in column)
> 3 2
---------
| _ _ _ |
| _ _ _ |
| _ X _ |
---------

?[1;31m
Start test 18?[0m
> _________
---------
| _ _ _ |
| _ _ _ |
| _ _ _ |
---------

Game not finished
Please enter coordinates for your move. Choose between 1-3 for the row and 1-3 for the column seperated by a space. Example 1 2 (1 is row, 2 in column)
> 4 17
> 3 3
---------
| _ _ _ |
| _ _ _ |
| _ _ X |
---------

?[1;31m
Start test 19?[0m
> X_X_O____
---------
| X _ X |
| _ O _ |
| _ _ _ |
---------

Game not finished
Please enter coordinates for your move. Choose between 1-3 for the row and 1-3 for the column seperated by a space. Example 1 2 (1 is row, 2 in column)
> 1 1
> 1 2
---------
| X X X |
| _ O _ |
| _ _ _ |
---------

?[1;31m
Start test 20?[0m
> X_X_O____
---------
| X _ X |
| _ O _ |
| _ _ _ |
---------

Game not finished
Please enter coordinates for your move. Choose between 1-3 for the row and 1-3 for the column seperated by a space. Example 1 2 (1 is row, 2 in column)
> 4 19
> 1 2
---------
| X X X |
| _ O _ |
| _ _ _ |
---------

?[1;31m
Start test 21?[0m
> X_X_O____
---------
| X _ X |
| _ O _ |
| _ _ _ |
---------

Game not finished
Please enter coordinates for your move. Choose between 1-3 for the row and 1-3 for the column seperated by a space. Example 1 2 (1 is row, 2 in column)
> 1 3
> 2 1
---------
| X _ X |
| X O _ |
| _ _ _ |
---------

?[1;31m
Start test 22?[0m
> X_X_O____
---------
| X _ X |
| _ O _ |
| _ _ _ |
---------

Game not finished
Please enter coordinates for your move. Choose between 1-3 for the row and 1-3 for the column seperated by a space. Example 1 2 (1 is row, 2 in column)
> 4 21
> 2 1
---------
| X _ X |
| X O _ |
| _ _ _ |
---------

?[1;31m
Start test 23?[0m
> X_X_O____
---------
| X _ X |
| _ O _ |
| _ _ _ |
---------

Game not finished
Please enter coordinates for your move. Choose between 1-3 for the row and 1-3 for the column seperated by a space. Example 1 2 (1 is row, 2 in column)
> 2 2
> 2 3
---------
| X _ X |
| _ O X |
| _ _ _ |
---------

?[1;31m
Start test 24?[0m
> X_X_O____
---------
| X _ X |
| _ O _ |
| _ _ _ |
---------

Game not finished
Please enter coordinates for your move. Choose between 1-3 for the row and 1-3 for the column seperated by a space. Example 1 2 (1 is row, 2 in column)
> 4 23
> 2 3
---------
| X _ X |
| _ O X |
| _ _ _ |
---------

?[1;31m
Start test 25?[0m
> X_X_O____
---------
| X _ X |
| _ O _ |
| _ _ _ |
---------

Game not finished
Please enter coordinates for your move. Choose between 1-3 for the row and 1-3 for the column seperated by a space. Example 1 2 (1 is row, 2 in column)
> 3 1
---------
| X _ X |
| _ O _ |
| X _ _ |
---------

?[1;31m
Start test 26?[0m
> X_X_O____
---------
| X _ X |
| _ O _ |
| _ _ _ |
---------

Game not finished
Please enter coordinates for your move. Choose between 1-3 for the row and 1-3 for the column seperated by a space. Example 1 2 (1 is row, 2 in column)
> 4 25
> 3 2
---------
| X _ X |
| _ O _ |
| _ X _ |
---------

?[1;31m
Start test 27?[0m
> X_X_O____
---------
| X _ X |
| _ O _ |
| _ _ _ |
---------

Game not finished
Please enter coordinates for your move. Choose between 1-3 for the row and 1-3 for the column seperated by a space. Example 1 2 (1 is row, 2 in column)
> 3 3
---------
| X _ X |
| _ O _ |
| _ _ X |
---------

]]></system-out>
  <system-err><![CDATA[Coordinates should be from 1 to 3!
This cell is occupied! Choose another one! 
This cell is occupied! Choose another one! 
This cell is occupied! Choose another one! 
This cell is occupied! Choose another one! 
This cell is occupied! Choose another one! 
This cell is occupied! Choose another one! 
This cell is occupied! Choose another one! 
Coordinates should be from 1 to 3!
This cell is occupied! Choose another one! 
This cell is occupied! Choose another one! 
This cell is occupied! Choose another one! 
Coordinates should be from 1 to 3!
This cell is occupied! Choose another one! 
This cell is occupied! Choose another one! 
Coordinates should be from 1 to 3!
This cell is occupied! Choose another one! 
Coordinates should be from 1 to 3!
Coordinates should be from 1 to 3!
Coordinates should be from 1 to 3!
Coordinates should be from 1 to 3!
Coordinates should be from 1 to 3!
This cell is occupied! Choose another one! 
Coordinates should be from 1 to 3!
This cell is occupied! Choose another one! 
Coordinates should be from 1 to 3!
This cell is occupied! Choose another one! 
Coordinates should be from 1 to 3!
Coordinates should be from 1 to 3!
]]></system-err>
</testsuite>
